<?xml version="1.0" encoding="UTF-8"?>
<!-- Generated by org.testng.reporters.JUnitReportReporter -->
<testsuite hostname="DESKTOP-KBHQRAU" failures="0" tests="1" name="testngtest.CardTest" time="0.011" errors="0" timestamp="2022-09-25T00:43:35 IST" skipped="0">
  <testcase classname="testngtest.CardTest" name="CCTest" time="0.011"/>
  <system-out/>
</testsuite> <!-- testngtest.CardTest -->
