<?xml version="1.0" encoding="UTF-8"?>
<!-- Generated by org.testng.reporters.JUnitReportReporter -->
<testsuite hostname="DESKTOP-KBHQRAU" failures="0" tests="3" name="testngtest.LoanTest" time="0.006" errors="0" timestamp="2022-09-25T00:43:35 IST" skipped="1">
  <testcase classname="testngtest.LoanTest" name="PersonlLoanTest1" time="0.002"/>
  <system-out/>
  <testcase classname="testngtest.LoanTest" name="HomeLoanTest" time="0.004"/>
  <system-out/>
  <testcase classname="testngtest.LoanTest" name="PersonlLoanTest">
    <skipped/>
  </testcase> <!-- PersonlLoanTest -->
  <system-out/>
</testsuite> <!-- testngtest.LoanTest -->
